# JRE version: Java(TM) SE Runtime Environment (17.0.12+8) (build 17.0.12+8-LTS-286)
# Java VM: Java HotSpot(TM) 64-Bit Server VM (17.0.12+8-LTS-286, mixed mode, sharing, tiered, compressed oops, compressed class ptrs, g1 gc, windows-amd64)
GC Precious Log:
 CPUs: 8 total, 8 available
 Memory: 7916M
 Large Page Support: Disabled
 NUMA Support: Disabled
 Compressed Oops: Enabled (32-bit)
 Heap Region Size: 1M
 Heap Min Capacity: 8M
 Heap Initial Capacity: 124M
 Heap Max Capacity: 1G
 Pre-touch: Disabled
 Parallel Workers: 8
 Concurrent Workers: 2
 Concurrent Refinement Workers: 8
 Periodic GC: Disabled
Heap:
 garbage-first heap   total 321536K, used 146006K [0x00000000c0000000, 0x0000000100000000)
  region size 1024K, 1 young (1024K), 1 survivors (1024K)
 Metaspace       used 112147K, committed 113152K, reserved 1179648K
  class space    used 15269K, committed 15744K, reserved 1048576K
GC Heap History (20 events):
Event: 12.975 GC heap after
{Heap after GC invocations=46 (full 0):
 garbage-first heap   total 196608K, used 107770K [0x00000000c0000000, 0x0000000100000000)
  region size 1024K, 1 young (1024K), 1 survivors (1024K)
 Metaspace       used 112085K, committed 113152K, reserved 1179648K
  class space    used 15266K, committed 15744K, reserved 1048576K
}
Event: 13.068 GC heap before
{Heap before GC invocations=47 (full 0):
 garbage-first heap   total 206848K, used 167162K [0x00000000c0000000, 0x0000000100000000)
  region size 1024K, 57 young (58368K), 1 survivors (1024K)
 Metaspace       used 112100K, committed 113152K, reserved 1179648K
  class space    used 15266K, committed 15744K, reserved 1048576K
}
Event: 13.069 GC heap after
{Heap after GC invocations=48 (full 0):
 garbage-first heap   total 206848K, used 109813K [0x00000000c0000000, 0x0000000100000000)
  region size 1024K, 1 young (1024K), 1 survivors (1024K)
 Metaspace       used 112100K, committed 113152K, reserved 1179648K
  class space    used 15266K, committed 15744K, reserved 1048576K
}
Event: 13.115 GC heap before
{Heap before GC invocations=48 (full 0):
 garbage-first heap   total 206848K, used 177397K [0x00000000c0000000, 0x0000000100000000)
  region size 1024K, 67 young (68608K), 1 survivors (1024K)
 Metaspace       used 112125K, committed 113152K, reserved 1179648K
  class space    used 15268K, committed 15744K, reserved 1048576K
}
Event: 13.117 GC heap after
{Heap after GC invocations=49 (full 0):
 garbage-first heap   total 206848K, used 109809K [0x00000000c0000000, 0x0000000100000000)
  region size 1024K, 1 young (1024K), 1 survivors (1024K)
 Metaspace       used 112125K, committed 113152K, reserved 1179648K
  class space    used 15268K, committed 15744K, reserved 1048576K
}
Event: 13.169 GC heap before
{Heap before GC invocations=50 (full 0):
 garbage-first heap   total 263168K, used 178417K [0x00000000c0000000, 0x0000000100000000)
  region size 1024K, 68 young (69632K), 1 survivors (1024K)
 Metaspace       used 112126K, committed 113152K, reserved 1179648K
  class space    used 15268K, committed 15744K, reserved 1048576K
}
Event: 13.171 GC heap after
{Heap after GC invocations=51 (full 0):
 garbage-first heap   total 263168K, used 109809K [0x00000000c0000000, 0x0000000100000000)
  region size 1024K, 1 young (1024K), 1 survivors (1024K)
 Metaspace       used 112126K, committed 113152K, reserved 1179648K
  class space    used 15268K, committed 15744K, reserved 1048576K
}
Event: 13.258 GC heap before
{Heap before GC invocations=51 (full 0):
 garbage-first heap   total 263168K, used 235761K [0x00000000c0000000, 0x0000000100000000)
  region size 1024K, 119 young (121856K), 1 survivors (1024K)
 Metaspace       used 112144K, committed 113152K, reserved 1179648K
  class space    used 15268K, committed 15744K, reserved 1048576K
}
Event: 13.259 GC heap after
{Heap after GC invocations=52 (full 0):
 garbage-first heap   total 263168K, used 114933K [0x00000000c0000000, 0x0000000100000000)
  region size 1024K, 1 young (1024K), 1 survivors (1024K)
 Metaspace       used 112144K, committed 113152K, reserved 1179648K
  class space    used 15268K, committed 15744K, reserved 1048576K
}
Event: 13.267 GC heap before
{Heap before GC invocations=52 (full 0):
 garbage-first heap   total 263168K, used 133365K [0x00000000c0000000, 0x0000000100000000)
  region size 1024K, 17 young (17408K), 1 survivors (1024K)
 Metaspace       used 112144K, committed 113152K, reserved 1179648K
  class space    used 15268K, committed 15744K, reserved 1048576K
}
Event: 13.268 GC heap after
{Heap after GC invocations=53 (full 0):
 garbage-first heap   total 263168K, used 116981K [0x00000000c0000000, 0x0000000100000000)
  region size 1024K, 1 young (1024K), 1 survivors (1024K)
 Metaspace       used 112144K, committed 113152K, reserved 1179648K
  class space    used 15268K, committed 15744K, reserved 1048576K
}
Event: 13.273 GC heap before
{Heap before GC invocations=53 (full 0):
 garbage-first heap   total 263168K, used 125173K [0x00000000c0000000, 0x0000000100000000)
  region size 1024K, 9 young (9216K), 1 survivors (1024K)
 Metaspace       used 112145K, committed 113152K, reserved 1179648K
  class space    used 15268K, committed 15744K, reserved 1048576K
}
Event: 13.275 GC heap after
{Heap after GC invocations=54 (full 0):
 garbage-first heap   total 263168K, used 118008K [0x00000000c0000000, 0x0000000100000000)
  region size 1024K, 1 young (1024K), 1 survivors (1024K)
 Metaspace       used 112145K, committed 113152K, reserved 1179648K
  class space    used 15268K, committed 15744K, reserved 1048576K
}
Event: 13.352 GC heap before
{Heap before GC invocations=55 (full 0):
 garbage-first heap   total 321536K, used 254200K [0x00000000c0000000, 0x0000000100000000)
  region size 1024K, 113 young (115712K), 1 survivors (1024K)
 Metaspace       used 112147K, committed 113152K, reserved 1179648K
  class space    used 15269K, committed 15744K, reserved 1048576K
}
Event: 13.353 GC heap after
{Heap after GC invocations=56 (full 0):
 garbage-first heap   total 321536K, used 136444K [0x00000000c0000000, 0x0000000100000000)
  region size 1024K, 1 young (1024K), 1 survivors (1024K)
 Metaspace       used 112147K, committed 113152K, reserved 1179648K
  class space    used 15269K, committed 15744K, reserved 1048576K
}
Event: 13.360 GC heap before
{Heap before GC invocations=56 (full 0):
 garbage-first heap   total 321536K, used 158972K [0x00000000c0000000, 0x0000000100000000)
  region size 1024K, 15 young (15360K), 1 survivors (1024K)
 Metaspace       used 112147K, committed 113152K, reserved 1179648K
  class space    used 15269K, committed 15744K, reserved 1048576K
}
Event: 13.362 GC heap after
{Heap after GC invocations=57 (full 0):
 garbage-first heap   total 321536K, used 143955K [0x00000000c0000000, 0x0000000100000000)
  region size 1024K, 1 young (1024K), 1 survivors (1024K)
 Metaspace       used 112147K, committed 113152K, reserved 1179648K
  class space    used 15269K, committed 15744K, reserved 1048576K
}
Event: 13.363 GC heap before
{Heap before GC invocations=57 (full 0):
 garbage-first heap   total 321536K, used 148051K [0x00000000c0000000, 0x0000000100000000)
  region size 1024K, 6 young (6144K), 1 survivors (1024K)
 Metaspace       used 112147K, committed 113152K, reserved 1179648K
  class space    used 15269K, committed 15744K, reserved 1048576K
}
Event: 13.365 GC heap after
{Heap after GC invocations=58 (full 0):
 garbage-first heap   total 321536K, used 143956K [0x00000000c0000000, 0x0000000100000000)
  region size 1024K, 1 young (1024K), 1 survivors (1024K)
 Metaspace       used 112147K, committed 113152K, reserved 1179648K
  class space    used 15269K, committed 15744K, reserved 1048576K
}
Event: 13.368 GC heap before
{Heap before GC invocations=58 (full 0):
 garbage-first heap   total 321536K, used 153172K [0x00000000c0000000, 0x0000000100000000)
  region size 1024K, 9 young (9216K), 1 survivors (1024K)
 Metaspace       used 112147K, committed 113152K, reserved 1179648K
  class space    used 15269K, committed 15744K, reserved 1048576K
}

